2017-04-04 12:19:53,666 - Initializing Velocity, Calling init()...
2017-04-04 12:19:53,666 - Starting Apache Velocity v1.7 (compiled: 2010-11-19 12:14:37)
2017-04-04 12:19:53,666 - Default Properties File: org/apache/velocity/runtime/defaults/velocity.properties
2017-04-04 12:19:53,669 - Trying to use logger class org.apache.velocity.runtime.log.AvalonLogChute
2017-04-04 12:19:53,669 - Target log system for org.apache.velocity.runtime.log.AvalonLogChute is not available (java.lang.NoClassDefFoundError: org/apache/log/format/Formatter).  Falling back to next log system...
2017-04-04 12:19:53,669 - Trying to use logger class org.apache.velocity.runtime.log.Log4JLogChute
2017-04-04 12:19:53,669 - Using logger class org.apache.velocity.runtime.log.Log4JLogChute
2017-04-04 12:19:53,669 - ResourceLoader instantiated: org.apache.velocity.runtime.resource.loader.ClasspathResourceLoader
2017-04-04 12:19:53,678 - ResourceCache: initialized (class org.apache.velocity.runtime.resource.ResourceCacheImpl) with class java.util.Collections$SynchronizedMap cache map.
2017-04-04 12:19:53,678 - Loaded System Directive: org.apache.velocity.runtime.directive.Stop
2017-04-04 12:19:53,682 - Loaded System Directive: org.apache.velocity.runtime.directive.Define
2017-04-04 12:19:53,682 - Loaded System Directive: org.apache.velocity.runtime.directive.Break
2017-04-04 12:19:53,682 - Loaded System Directive: org.apache.velocity.runtime.directive.Evaluate
2017-04-04 12:19:53,682 - Loaded System Directive: org.apache.velocity.runtime.directive.Literal
2017-04-04 12:19:53,682 - Loaded System Directive: org.apache.velocity.runtime.directive.Macro
2017-04-04 12:19:53,682 - Loaded System Directive: org.apache.velocity.runtime.directive.Parse
2017-04-04 12:19:53,683 - Loaded System Directive: org.apache.velocity.runtime.directive.Include
2017-04-04 12:19:53,683 - Loaded System Directive: org.apache.velocity.runtime.directive.Foreach
2017-04-04 12:19:53,684 - Created '20' parsers.
2017-04-04 12:19:53,684 - Velocimacro : "velocimacro.library" is not set.  Trying default library: VM_global_library.vm
2017-04-04 12:19:53,685 - Could not load resource 'VM_global_library.vm' from ResourceLoader org.apache.velocity.runtime.resource.loader.ClasspathResourceLoader: ClasspathResourceLoader Error: cannot find resource VM_global_library.vm
2017-04-04 12:19:53,685 - Velocimacro : Default library not found.
2017-04-04 12:19:53,685 - Velocimacro : allowInline = true : VMs can be defined inline in templates
2017-04-04 12:19:53,685 - Velocimacro : allowInlineToOverride = false : VMs defined inline may NOT replace previous VM definitions
2017-04-04 12:19:53,685 - Velocimacro : allowInlineLocal = false : VMs defined inline will be global in scope if allowed.
2017-04-04 12:19:53,685 - Velocimacro : autoload off : VM system will not automatically reload global library macros
2017-04-04 12:19:53,688 - ResourceManager : found com/huacainfo/ace/autocode/kernel/model.js.vm with loader org.apache.velocity.runtime.resource.loader.ClasspathResourceLoader
2017-04-04 12:19:53,702 - Log4JLogChute initialized using file 'velocity.log'
2017-04-04 12:19:53,702 - Initializing Velocity, Calling init()...
2017-04-04 12:19:53,702 - Starting Apache Velocity v1.7 (compiled: 2010-11-19 12:14:37)
2017-04-04 12:19:53,702 - Default Properties File: org/apache/velocity/runtime/defaults/velocity.properties
2017-04-04 12:19:53,702 - Trying to use logger class org.apache.velocity.runtime.log.AvalonLogChute
2017-04-04 12:19:53,702 - Target log system for org.apache.velocity.runtime.log.AvalonLogChute is not available (java.lang.NoClassDefFoundError: org/apache/log/format/Formatter).  Falling back to next log system...
2017-04-04 12:19:53,702 - Trying to use logger class org.apache.velocity.runtime.log.Log4JLogChute
2017-04-04 12:19:53,702 - Using logger class org.apache.velocity.runtime.log.Log4JLogChute
2017-04-04 12:19:53,702 - ResourceLoader instantiated: org.apache.velocity.runtime.resource.loader.ClasspathResourceLoader
2017-04-04 12:19:53,703 - ResourceCache: initialized (class org.apache.velocity.runtime.resource.ResourceCacheImpl) with class java.util.Collections$SynchronizedMap cache map.
2017-04-04 12:19:53,703 - Loaded System Directive: org.apache.velocity.runtime.directive.Stop
2017-04-04 12:19:53,703 - Loaded System Directive: org.apache.velocity.runtime.directive.Define
2017-04-04 12:19:53,703 - Loaded System Directive: org.apache.velocity.runtime.directive.Break
2017-04-04 12:19:53,703 - Loaded System Directive: org.apache.velocity.runtime.directive.Evaluate
2017-04-04 12:19:53,703 - Loaded System Directive: org.apache.velocity.runtime.directive.Literal
2017-04-04 12:19:53,703 - Loaded System Directive: org.apache.velocity.runtime.directive.Macro
2017-04-04 12:19:53,703 - Loaded System Directive: org.apache.velocity.runtime.directive.Parse
2017-04-04 12:19:53,703 - Loaded System Directive: org.apache.velocity.runtime.directive.Include
2017-04-04 12:19:53,703 - Loaded System Directive: org.apache.velocity.runtime.directive.Foreach
2017-04-04 12:19:53,704 - Created '20' parsers.
2017-04-04 12:19:53,705 - Velocimacro : "velocimacro.library" is not set.  Trying default library: VM_global_library.vm
2017-04-04 12:19:53,706 - Could not load resource 'VM_global_library.vm' from ResourceLoader org.apache.velocity.runtime.resource.loader.ClasspathResourceLoader: ClasspathResourceLoader Error: cannot find resource VM_global_library.vm
2017-04-04 12:19:53,706 - Velocimacro : Default library not found.
2017-04-04 12:19:53,706 - Velocimacro : allowInline = true : VMs can be defined inline in templates
2017-04-04 12:19:53,706 - Velocimacro : allowInlineToOverride = false : VMs defined inline may NOT replace previous VM definitions
2017-04-04 12:19:53,706 - Velocimacro : allowInlineLocal = false : VMs defined inline will be global in scope if allowed.
2017-04-04 12:19:53,706 - Velocimacro : autoload off : VM system will not automatically reload global library macros
2017-04-04 12:19:53,709 - ResourceManager : found com/huacainfo/ace/autocode/kernel/controller.js.vm with loader org.apache.velocity.runtime.resource.loader.ClasspathResourceLoader
2017-04-04 12:19:53,710 - Null reference [template 'com/huacainfo/ace/autocode/kernel/controller.js.vm', line 4, column 29] : $title cannot be resolved.
2017-04-04 12:19:53,710 - Null reference [template 'com/huacainfo/ace/autocode/kernel/controller.js.vm', line 7, column 44] : $title cannot be resolved.
2017-04-04 12:19:53,710 - Null reference [template 'com/huacainfo/ace/autocode/kernel/controller.js.vm', line 9, column 44] : $title cannot be resolved.
utocode/kernel/controller.js.vm', line 7, column 44] : $title cannot be resolved.
2017-04-04 12:19:53,710 - Null reference [template 'com/huacainfo/ace/autocode/kernel/controller.js.vm', line 9, column 44] : $title cannot be resolved.
2017-04-04 18:19:42,973 - Log4JLogChute initialized using file 'velocity.log'
2017-04-04 18:19:42,974 - Initializing Velocity, Calling init()...
2017-04-04 18:19:42,974 - Starting Apache Velocity v1.7 (compiled: 2010-11-19 12:14:37)
2017-04-04 18:19:42,974 - Default Properties File: org/apache/velocity/runtime/defaults/velocity.properties
2017-04-04 18:19:42,974 - Trying to use logger class org.apache.velocity.runtime.log.AvalonLogChute
2017-04-04 18:19:42,974 - Target log system for org.apache.velocity.runtime.log.AvalonLogChute is not available (java.lang.NoClassDefFoundError: org/apache/log/format/Formatter).  Falling back to next log system...
2017-04-04 18:19:42,974 - Trying to use logger class org.apache.velocity.runtime.log.Log4JLogChute
2017-04-04 18:19:42,974 - Using logger class org.apache.velocity.runtime.log.Log4JLogChute
2017-04-04 18:19:42,981 - ResourceLoader instantiated: org.apache.velocity.runtime.resource.loader.ClasspathResourceLoader
2017-04-04 18:19:43,003 - ResourceCache: initialized (class org.apache.velocity.runtime.resource.ResourceCacheImpl) with class java.util.Collections$SynchronizedMap cache map.
2017-04-04 18:19:43,005 - Loaded System Directive: org.apache.velocity.runtime.directive.Stop
2017-04-04 18:19:43,012 - Loaded System Directive: org.apache.velocity.runtime.directive.Define
2017-04-04 18:19:43,016 - Loaded System Directive: org.apache.velocity.runtime.directive.Break
2017-04-04 18:19:43,025 - Loaded System Directive: org.apache.velocity.runtime.directive.Evaluate
2017-04-04 18:19:43,026 - Loaded System Directive: org.apache.velocity.runtime.directive.Literal
2017-04-04 18:19:43,030 - Loaded System Directive: org.apache.velocity.runtime.directive.Macro
2017-04-04 18:19:43,035 - Loaded System Directive: org.apache.velocity.runtime.directive.Parse
2017-04-04 18:19:43,039 - Loaded System Directive: org.apache.velocity.runtime.directive.Include
2017-04-04 18:19:43,041 - Loaded System Directive: org.apache.velocity.runtime.directive.Foreach
2017-04-04 18:19:43,112 - Created '20' parsers.
2017-04-04 18:19:43,127 - Velocimacro : "velocimacro.library" is not set.  Trying default library: VM_global_library.vm
2017-04-04 18:19:43,128 - Could not load resource 'VM_global_library.vm' from ResourceLoader org.apache.velocity.runtime.resource.loader.ClasspathResourceLoader: ClasspathResourceLoader Error: cannot find resource VM_global_library.vm
2017-04-04 18:19:43,128 - Velocimacro : Default library not found.
2017-04-04 18:19:43,128 - Velocimacro : allowInline = true : VMs can be defined inline in templates
2017-04-04 18:19:43,128 - Velocimacro : allowInlineToOverride = false : VMs defined inline may NOT replace previous VM definitions
2017-04-04 18:19:43,128 - Velocimacro : allowInlineLocal = false : VMs defined inline will be global in scope if allowed.
2017-04-04 18:19:43,129 - Velocimacro : autoload off : VM system will not automatically reload global library macros
2017-04-04 18:19:43,171 - ResourceManager : found com/huacainfo/ace/autocode/kernel/index.jsp.vm with loader org.apache.velocity.runtime.resource.loader.ClasspathResourceLoader
2017-04-04 18:19:43,192 - Null reference [template 'com/huacainfo/ace/autocode/kernel/index.jsp.vm', line 33, column 26] : ${portalPath} cannot be resolved.
2017-04-04 18:19:43,192 - Null reference [template 'com/huacainfo/ace/autocode/kernel/index.jsp.vm', line 42, column 68] : ${pageContext.request.contextPath} cannot be resolved.
2017-04-04 18:19:43,193 - Null reference [template 'com/huacainfo/ace/autocode/kernel/index.jsp.vm', line 54, column 68] : ${pageContext.request.contextPath} cannot be resolved.
2017-04-04 18:19:43,193 - Null reference [template 'com/huacainfo/ace/autocode/kernel/index.jsp.vm', line 59, column 68] : ${pageContext.request.contextPath} cannot be resolved.
2017-04-04 18:19:43,193 - Null reference [template 'com/huacainfo/ace/autocode/kernel/index.jsp.vm', line 64, column 68] : ${pageContext.request.contextPath} cannot be resolved.
2017-04-04 18:19:43,193 - Null reference [template 'com/huacainfo/ace/autocode/kernel/index.jsp.vm', line 94, column 22] : ${pageContext.request.contextPath} cannot be resolved.
2017-04-04 18:19:43,193 - Null reference [template 'com/huacainfo/ace/autocode/kernel/index.jsp.vm', line 94, column 110] : ${cfg.version} cannot be resolved.
2017-04-04 18:19:43,193 - Null reference [template 'com/huacainfo/ace/autocode/kernel/index.jsp.vm', line 96, column 22] : ${pageContext.request.contextPath} cannot be resolved.
2017-04-04 18:19:43,194 - Null reference [template 'com/huacainfo/ace/autocode/kernel/index.jsp.vm', line 96, column 109] : ${cfg.version} cannot be resolved.
2017-04-04 18:19:43,194 - Null reference [template 'com/huacainfo/ace/autocode/kernel/index.jsp.vm', line 98, column 22] : ${pageContext.request.contextPath} cannot be resolved.
2017-04-04 18:19:43,194 - Null reference [template 'com/huacainfo/ace/autocode/kernel/index.jsp.vm', line 98, column 114] : ${cfg.version} cannot be resolved.
2017-04-04 18:19:43,194 - Null reference [template 'com/huacainfo/ace/autocode/kernel/index.jsp.vm', line 100, column 22] : ${pageContext.request.contextPath} cannot be resolved.
2017-04-04 18:19:43,195 - Null reference [template 'com/huacainfo/ace/autocode/kernel/index.jsp.vm', line 100, column 108] : ${cfg.version} cannot be resolved.
2017-04-04 18:19:43,202 - Log4JLogChute initialized using file 'velocity.log'
2017-04-04 18:19:43,202 - Log4JLogChute initialized using file 'velocity.log'
2017-04-04 18:19:43,203 - Initializing Velocity, Calling init()...
2017-04-04 18:19:43,203 - Initializing Velocity, Calling init()...
2017-04-04 18:19:43,203 - Starting Apache Velocity v1.7 (compiled: 2010-11-19 12:14:37)
2017-04-04 18:19:43,203 - Starting Apache Velocity v1.7 (compiled: 2010-11-19 12:14:37)
2017-04-04 18:19:43,203 - Default Properties File: org/apache/velocity/runtime/defaults/velocity.properties
2017-04-04 18:19:43,203 - Default Properties File: org/apache/velocity/runtime/defaults/velocity.properties
2017-04-04 18:19:43,204 - Trying to use logger class org.apache.velocity.runtime.log.AvalonLogChute
2017-04-04 18:19:43,204 - Trying to use logger class org.apache.velocity.runtime.log.AvalonLogChute
2017-04-04 18:19:43,204 - Target log system for org.apache.velocity.runtime.log.AvalonLogChute is not available (java.lang.NoClassDefFoundError: org/apache/log/format/Formatter).  Falling back to next log system...
2017-04-04 18:19:43,204 - Target log system for org.apache.velocity.runtime.log.AvalonLogChute is not available (java.lang.NoClassDefFoundError: org/apache/log/format/Formatter).  Falling back to next log system...
2017-04-04 18:19:43,205 - Trying to use logger class org.apache.velocity.runtime.log.Log4JLogChute
2017-04-04 18:19:43,205 - Trying to use logger class org.apache.velocity.runtime.log.Log4JLogChute
2017-04-04 18:19:43,205 - Using logger class org.apache.velocity.runtime.log.Log4JLogChute
2017-04-04 18:19:43,205 - Using logger class org.apache.velocity.runtime.log.Log4JLogChute
2017-04-04 18:19:43,207 - ResourceLoader instantiated: org.apache.velocity.runtime.resource.loader.ClasspathResourceLoader
2017-04-04 18:19:43,207 - ResourceLoader instantiated: org.apache.velocity.runtime.resource.loader.ClasspathResourceLoader
2017-04-04 18:19:43,207 - ResourceCache: initialized (class org.apache.velocity.runtime.resource.ResourceCacheImpl) with class java.util.Collections$SynchronizedMap cache map.
2017-04-04 18:19:43,207 - ResourceCache: initialized (class org.apache.velocity.runtime.resource.ResourceCacheImpl) with class java.util.Collections$SynchronizedMap cache map.
2017-04-04 18:19:43,208 - Loaded System Directive: org.apache.velocity.runtime.directive.Stop
2017-04-04 18:19:43,208 - Loaded System Directive: org.apache.velocity.runtime.directive.Stop
2017-04-04 18:19:43,209 - Loaded System Directive: org.apache.velocity.runtime.directive.Define
2017-04-04 18:19:43,209 - Loaded System Directive: org.apache.velocity.runtime.directive.Define
2017-04-04 18:19:43,209 - Loaded System Directive: org.apache.velocity.runtime.directive.Break
2017-04-04 18:19:43,209 - Loaded System Directive: org.apache.velocity.runtime.directive.Break
2017-04-04 18:19:43,209 - Loaded System Directive: org.apache.velocity.runtime.directive.Evaluate
2017-04-04 18:19:43,209 - Loaded System Directive: org.apache.velocity.runtime.directive.Evaluate
2017-04-04 18:19:43,210 - Loaded System Directive: org.apache.velocity.runtime.directive.Literal
2017-04-04 18:19:43,210 - Loaded System Directive: org.apache.velocity.runtime.directive.Literal
2017-04-04 18:19:43,210 - Loaded System Directive: org.apache.velocity.runtime.directive.Macro
2017-04-04 18:19:43,210 - Loaded System Directive: org.apache.velocity.runtime.directive.Macro
2017-04-04 18:19:43,211 - Loaded System Directive: org.apache.velocity.runtime.directive.Parse
2017-04-04 18:19:43,211 - Loaded System Directive: org.apache.velocity.runtime.directive.Parse
2017-04-04 18:19:43,211 - Loaded System Directive: org.apache.velocity.runtime.directive.Include
2017-04-04 18:19:43,211 - Loaded System Directive: org.apache.velocity.runtime.directive.Include
2017-04-04 18:19:43,211 - Loaded System Directive: org.apache.velocity.runtime.directive.Foreach
2017-04-04 18:19:43,211 - Loaded System Directive: org.apache.velocity.runtime.directive.Foreach
2017-04-04 18:19:43,219 - Created '20' parsers.
2017-04-04 18:19:43,219 - Created '20' parsers.
2017-04-04 18:19:43,220 - Velocimacro : "velocimacro.library" is not set.  Trying default library: VM_global_library.vm
2017-04-04 18:19:43,220 - Velocimacro : "velocimacro.library" is not set.  Trying default library: VM_global_library.vm
2017-04-04 18:19:43,220 - Could not load resource 'VM_global_library.vm' from ResourceLoader org.apache.velocity.runtime.resource.loader.ClasspathResourceLoader: ClasspathResourceLoader Error: cannot find resource VM_global_library.vm
2017-04-04 18:19:43,220 - Could not load resource 'VM_global_library.vm' from ResourceLoader org.apache.velocity.runtime.resource.loader.ClasspathResourceLoader: ClasspathResourceLoader Error: cannot find resource VM_global_library.vm
2017-04-04 18:19:43,221 - Velocimacro : Default library not found.
2017-04-04 18:19:43,221 - Velocimacro : Default library not found.
2017-04-04 18:19:43,221 - Velocimacro : allowInline = true : VMs can be defined inline in templates
2017-04-04 18:19:43,221 - Velocimacro : allowInline = true : VMs can be defined inline in templates
2017-04-04 18:19:43,221 - Velocimacro : allowInlineToOverride = false : VMs defined inline may NOT replace previous VM definitions
2017-04-04 18:19:43,221 - Velocimacro : allowInlineToOverride = false : VMs defined inline may NOT replace previous VM definitions
2017-04-04 18:19:43,221 - Velocimacro : allowInlineLocal = false : VMs defined inline will be global in scope if allowed.
2017-04-04 18:19:43,221 - Velocimacro : allowInlineLocal = false : VMs defined inline will be global in scope if allowed.
2017-04-04 18:19:43,221 - Velocimacro : autoload off : VM system will not automatically reload global library macros
2017-04-04 18:19:43,221 - Velocimacro : autoload off : VM system will not automatically reload global library macros
2017-04-04 18:19:43,236 - ResourceManager : found com/huacainfo/ace/autocode/kernel/config.js.vm with loader org.apache.velocity.runtime.resource.loader.ClasspathResourceLoader
2017-04-04 18:19:43,236 - ResourceManager : found com/huacainfo/ace/autocode/kernel/config.js.vm with loader org.apache.velocity.runtime.resource.loader.ClasspathResourceLoader
2017-04-04 18:19:43,245 - Log4JLogChute initialized using file 'velocity.log'
2017-04-04 18:19:43,245 - Log4JLogChute initialized using file 'velocity.log'
2017-04-04 18:19:43,245 - Log4JLogChute initialized using file 'velocity.log'
2017-04-04 18:19:43,245 - Initializing Velocity, Calling init()...
2017-04-04 18:19:43,245 - Initializing Velocity, Calling init()...
2017-04-04 18:19:43,245 - Initializing Velocity, Calling init()...
2017-04-04 18:19:43,246 - Starting Apache Velocity v1.7 (compiled: 2010-11-19 12:14:37)
2017-04-04 18:19:43,246 - Starting Apache Velocity v1.7 (compiled: 2010-11-19 12:14:37)
2017-04-04 18:19:43,246 - Starting Apache Velocity v1.7 (compiled: 2010-11-19 12:14:37)
2017-04-04 18:19:43,246 - Default Properties File: org/apache/velocity/runtime/defaults/velocity.properties
2017-04-04 18:19:43,246 - Default Properties File: org/apache/velocity/runtime/defaults/velocity.properties
2017-04-04 18:19:43,246 - Default Properties File: org/apache/velocity/runtime/defaults/velocity.properties
2017-04-04 18:19:43,246 - Trying to use logger class org.apache.velocity.runtime.log.AvalonLogChute
2017-04-04 18:19:43,246 - Trying to use logger class org.apache.velocity.runtime.log.AvalonLogChute
2017-04-04 18:19:43,246 - Trying to use logger class org.apache.velocity.runtime.log.AvalonLogChute
2017-04-04 18:19:43,246 - Target log system for org.apache.velocity.runtime.log.AvalonLogChute is not available (java.lang.NoClassDefFoundError: org/apache/log/format/Formatter).  Falling back to next log system...
2017-04-04 18:19:43,246 - Target log system for org.apache.velocity.runtime.log.AvalonLogChute is not available (java.lang.NoClassDefFoundError: org/apache/log/format/Formatter).  Falling back to next log system...
2017-04-04 18:19:43,246 - Target log system for org.apache.velocity.runtime.log.AvalonLogChute is not available (java.lang.NoClassDefFoundError: org/apache/log/format/Formatter).  Falling back to next log system...
2017-04-04 18:19:43,246 - Trying to use logger class org.apache.velocity.runtime.log.Log4JLogChute
2017-04-04 18:19:43,246 - Trying to use logger class org.apache.velocity.runtime.log.Log4JLogChute
2017-04-04 18:19:43,246 - Trying to use logger class org.apache.velocity.runtime.log.Log4JLogChute
2017-04-04 18:19:43,246 - Using logger class org.apache.velocity.runtime.log.Log4JLogChute
2017-04-04 18:19:43,246 - Using logger class org.apache.velocity.runtime.log.Log4JLogChute
2017-04-04 18:19:43,246 - Using logger class org.apache.velocity.runtime.log.Log4JLogChute
2017-04-04 18:19:43,246 - ResourceLoader instantiated: org.apache.velocity.runtime.resource.loader.ClasspathResourceLoader
2017-04-04 18:19:43,246 - ResourceLoader instantiated: org.apache.velocity.runtime.resource.loader.ClasspathResourceLoader
2017-04-04 18:19:43,246 - ResourceLoader instantiated: org.apache.velocity.runtime.resource.loader.ClasspathResourceLoader
2017-04-04 18:19:43,246 - ResourceCache: initialized (class org.apache.velocity.runtime.resource.ResourceCacheImpl) with class java.util.Collections$SynchronizedMap cache map.
2017-04-04 18:19:43,246 - ResourceCache: initialized (class org.apache.velocity.runtime.resource.ResourceCacheImpl) with class java.util.Collections$SynchronizedMap cache map.
2017-04-04 18:19:43,246 - ResourceCache: initialized (class org.apache.velocity.runtime.resource.ResourceCacheImpl) with class java.util.Collections$SynchronizedMap cache map.
2017-04-04 18:19:43,249 - Loaded System Directive: org.apache.velocity.runtime.directive.Stop
2017-04-04 18:19:43,249 - Loaded System Directive: org.apache.velocity.runtime.directive.Stop
2017-04-04 18:19:43,249 - Loaded System Directive: org.apache.velocity.runtime.directive.Stop
2017-04-04 18:19:43,249 - Loaded System Directive: org.apache.velocity.runtime.directive.Define
2017-04-04 18:19:43,249 - Loaded System Directive: org.apache.velocity.runtime.directive.Define
2017-04-04 18:19:43,249 - Loaded System Directive: org.apache.velocity.runtime.directive.Define
2017-04-04 18:19:43,249 - Loaded System Directive: org.apache.velocity.runtime.directive.Break
2017-04-04 18:19:43,249 - Loaded System Directive: org.apache.velocity.runtime.directive.Break
2017-04-04 18:19:43,249 - Loaded System Directive: org.apache.velocity.runtime.directive.Break
2017-04-04 18:19:43,250 - Loaded System Directive: org.apache.velocity.runtime.directive.Evaluate
2017-04-04 18:19:43,250 - Loaded System Directive: org.apache.velocity.runtime.directive.Evaluate
2017-04-04 18:19:43,250 - Loaded System Directive: org.apache.velocity.runtime.directive.Evaluate
2017-04-04 18:19:43,250 - Loaded System Directive: org.apache.velocity.runtime.directive.Literal
2017-04-04 18:19:43,250 - Loaded System Directive: org.apache.velocity.runtime.directive.Literal
2017-04-04 18:19:43,250 - Loaded System Directive: org.apache.velocity.runtime.directive.Literal
2017-04-04 18:19:43,250 - Loaded System Directive: org.apache.velocity.runtime.directive.Macro
2017-04-04 18:19:43,250 - Loaded System Directive: org.apache.velocity.runtime.directive.Macro
2017-04-04 18:19:43,250 - Loaded System Directive: org.apache.velocity.runtime.directive.Macro
2017-04-04 18:19:43,250 - Loaded System Directive: org.apache.velocity.runtime.directive.Parse
2017-04-04 18:19:43,250 - Loaded System Directive: org.apache.velocity.runtime.directive.Parse
2017-04-04 18:19:43,250 - Loaded System Directive: org.apache.velocity.runtime.directive.Parse
2017-04-04 18:19:43,251 - Loaded System Directive: org.apache.velocity.runtime.directive.Include
2017-04-04 18:19:43,251 - Loaded System Directive: org.apache.velocity.runtime.directive.Include
2017-04-04 18:19:43,251 - Loaded System Directive: org.apache.velocity.runtime.directive.Include
2017-04-04 18:19:43,251 - Loaded System Directive: org.apache.velocity.runtime.directive.Foreach
2017-04-04 18:19:43,251 - Loaded System Directive: org.apache.velocity.runtime.directive.Foreach
2017-04-04 18:19:43,251 - Loaded System Directive: org.apache.velocity.runtime.directive.Foreach
2017-04-04 18:19:43,255 - Created '20' parsers.
2017-04-04 18:19:43,255 - Created '20' parsers.
2017-04-04 18:19:43,255 - Created '20' parsers.
2017-04-04 18:19:43,255 - Velocimacro : "velocimacro.library" is not set.  Trying default library: VM_global_library.vm
2017-04-04 18:19:43,255 - Velocimacro : "velocimacro.library" is not set.  Trying default library: VM_global_library.vm
2017-04-04 18:19:43,255 - Velocimacro : "velocimacro.library" is not set.  Trying default library: VM_global_library.vm
2017-04-04 18:19:43,256 - Could not load resource 'VM_global_library.vm' from ResourceLoader org.apache.velocity.runtime.resource.loader.ClasspathResourceLoader: ClasspathResourceLoader Error: cannot find resource VM_global_library.vm
2017-04-04 18:19:43,256 - Could not load resource 'VM_global_library.vm' from ResourceLoader org.apache.velocity.runtime.resource.loader.ClasspathResourceLoader: ClasspathResourceLoader Error: cannot find resource VM_global_library.vm
2017-04-04 18:19:43,256 - Could not load resource 'VM_global_library.vm' from ResourceLoader org.apache.velocity.runtime.resource.loader.ClasspathResourceLoader: ClasspathResourceLoader Error: cannot find resource VM_global_library.vm
2017-04-04 18:19:43,256 - Velocimacro : Default library not found.
2017-04-04 18:19:43,256 - Velocimacro : Default library not found.
2017-04-04 18:19:43,256 - Velocimacro : Default library not found.
2017-04-04 18:19:43,256 - Velocimacro : allowInline = true : VMs can be defined inline in templates
2017-04-04 18:19:43,256 - Velocimacro : allowInline = true : VMs can be defined inline in templates
2017-04-04 18:19:43,256 - Velocimacro : allowInline = true : VMs can be defined inline in templates
2017-04-04 18:19:43,256 - Velocimacro : allowInlineToOverride = false : VMs defined inline may NOT replace previous VM definitions
2017-04-04 18:19:43,256 - Velocimacro : allowInlineToOverride = false : VMs defined inline may NOT replace previous VM definitions
2017-04-04 18:19:43,256 - Velocimacro : allowInlineToOverride = false : VMs defined inline may NOT replace previous VM definitions
2017-04-04 18:19:43,257 - Velocimacro : allowInlineLocal = false : VMs defined inline will be global in scope if allowed.
2017-04-04 18:19:43,257 - Velocimacro : allowInlineLocal = false : VMs defined inline will be global in scope if allowed.
2017-04-04 18:19:43,257 - Velocimacro : allowInlineLocal = false : VMs defined inline will be global in scope if allowed.
2017-04-04 18:19:43,257 - Velocimacro : autoload off : VM system will not automatically reload global library macros
2017-04-04 18:19:43,257 - Velocimacro : autoload off : VM system will not automatically reload global library macros
2017-04-04 18:19:43,257 - Velocimacro : autoload off : VM system will not automatically reload global library macros
2017-04-04 18:19:43,276 - ResourceManager : found com/huacainfo/ace/autocode/kernel/view.js.vm with loader org.apache.velocity.runtime.resource.loader.ClasspathResourceLoader
2017-04-04 18:19:43,276 - ResourceManager : found com/huacainfo/ace/autocode/kernel/view.js.vm with loader org.apache.velocity.runtime.resource.loader.ClasspathResourceLoader
2017-04-04 18:19:43,276 - ResourceManager : found com/huacainfo/ace/autocode/kernel/view.js.vm with loader org.apache.velocity.runtime.resource.loader.ClasspathResourceLoader
2017-04-04 18:19:43,276 - Null reference [template 'com/huacainfo/ace/autocode/kernel/view.js.vm', line 245, column 33] : $class cannot be resolved.
2017-04-04 18:19:43,276 - Null reference [template 'com/huacainfo/ace/autocode/kernel/view.js.vm', line 245, column 33] : $class cannot be resolved.
2017-04-04 18:19:43,276 - Null reference [template 'com/huacainfo/ace/autocode/kernel/view.js.vm', line 245, column 33] : $class cannot be resolved.
2017-04-04 18:19:43,277 - Null reference [template 'com/huacainfo/ace/autocode/kernel/view.js.vm', line 246, column 29] : $class cannot be resolved.
2017-04-04 18:19:43,277 - Null reference [template 'com/huacainfo/ace/autocode/kernel/view.js.vm', line 246, column 29] : $class cannot be resolved.
2017-04-04 18:19:43,277 - Null reference [template 'com/huacainfo/ace/autocode/kernel/view.js.vm', line 246, column 29] : $class cannot be resolved.
2017-04-04 18:19:43,277 - Null reference [template 'com/huacainfo/ace/autocode/kernel/view.js.vm', line 247, column 34] : $class cannot be resolved.
2017-04-04 18:19:43,277 - Null reference [template 'com/huacainfo/ace/autocode/kernel/view.js.vm', line 247, column 34] : $class cannot be resolved.
2017-04-04 18:19:43,277 - Null reference [template 'com/huacainfo/ace/autocode/kernel/view.js.vm', line 247, column 34] : $class cannot be resolved.
2017-04-04 18:19:43,277 - Null reference [template 'com/huacainfo/ace/autocode/kernel/view.js.vm', line 262, column 45] : $class cannot be resolved.
2017-04-04 18:19:43,277 - Null reference [template 'com/huacainfo/ace/autocode/kernel/view.js.vm', line 262, column 45] : $class cannot be resolved.
2017-04-04 18:19:43,277 - Null reference [template 'com/huacainfo/ace/autocode/kernel/view.js.vm', line 262, column 45] : $class cannot be resolved.
2017-04-04 18:19:43,277 - Null reference [template 'com/huacainfo/ace/autocode/kernel/view.js.vm', line 265, column 45] : $class cannot be resolved.
2017-04-04 18:19:43,277 - Null reference [template 'com/huacainfo/ace/autocode/kernel/view.js.vm', line 265, column 45] : $class cannot be resolved.
2017-04-04 18:19:43,277 - Null reference [template 'com/huacainfo/ace/autocode/kernel/view.js.vm', line 265, column 45] : $class cannot be resolved.
2017-04-04 18:19:43,277 - Null reference [template 'com/huacainfo/ace/autocode/kernel/view.js.vm', line 266, column 93] : $class cannot be resolved.
2017-04-04 18:19:43,277 - Null reference [template 'com/huacainfo/ace/autocode/kernel/view.js.vm', line 266, column 93] : $class cannot be resolved.
2017-04-04 18:19:43,277 - Null reference [template 'com/huacainfo/ace/autocode/kernel/view.js.vm', line 266, column 93] : $class cannot be resolved.
2017-04-04 18:19:43,352 - Log4JLogChute initialized using file 'velocity.log'
2017-04-04 18:19:43,352 - Log4JLogChute initialized using file 'velocity.log'
2017-04-04 18:19:43,352 - Initializing Velocity, Calling init()...
2017-04-04 18:19:43,352 - Initializing Velocity, Calling init()...
2017-04-04 18:19:43,352 - Starting Apache Velocity v1.7 (compiled: 2010-11-19 12:14:37)
2017-04-04 18:19:43,352 - Starting Apache Velocity v1.7 (compiled: 2010-11-19 12:14:37)
2017-04-04 18:19:43,353 - Default Properties File: org/apache/velocity/runtime/defaults/velocity.properties
2017-04-04 18:19:43,353 - Default Properties File: org/apache/velocity/runtime/defaults/velocity.properties
2017-04-04 18:19:43,353 - Trying to use logger class org.apache.velocity.runtime.log.AvalonLogChute
2017-04-04 18:19:43,353 - Trying to use logger class org.apache.velocity.runtime.log.AvalonLogChute
2017-04-04 18:19:43,353 - Target log system for org.apache.velocity.runtime.log.AvalonLogChute is not available (java.lang.NoClassDefFoundError: org/apache/log/format/Formatter).  Falling back to next log system...
2017-04-04 18:19:43,353 - Target log system for org.apache.velocity.runtime.log.AvalonLogChute is not available (java.lang.NoClassDefFoundError: org/apache/log/format/Formatter).  Falling back to next log system...
2017-04-04 18:19:43,353 - Trying to use logger class org.apache.velocity.runtime.log.Log4JLogChute
2017-04-04 18:19:43,353 - Trying to use logger class org.apache.velocity.runtime.log.Log4JLogChute
2017-04-04 18:19:43,353 - Using logger class org.apache.velocity.runtime.log.Log4JLogChute
2017-04-04 18:19:43,353 - Using logger class org.apache.velocity.runtime.log.Log4JLogChute
2017-04-04 18:19:43,353 - ResourceLoader instantiated: org.apache.velocity.runtime.resource.loader.ClasspathResourceLoader
2017-04-04 18:19:43,353 - ResourceLoader instantiated: org.apache.velocity.runtime.resource.loader.ClasspathResourceLoader
2017-04-04 18:19:43,361 - ResourceCache: initialized (class org.apache.velocity.runtime.resource.ResourceCacheImpl) with class java.util.Collections$SynchronizedMap cache map.
2017-04-04 18:19:43,361 - ResourceCache: initialized (class org.apache.velocity.runtime.resource.ResourceCacheImpl) with class java.util.Collections$SynchronizedMap cache map.
2017-04-04 18:19:43,361 - Loaded System Directive: org.apache.velocity.runtime.directive.Stop
2017-04-04 18:19:43,361 - Loaded System Directive: org.apache.velocity.runtime.directive.Stop
2017-04-04 18:19:43,361 - Loaded System Directive: org.apache.velocity.runtime.directive.Define
2017-04-04 18:19:43,361 - Loaded System Directive: org.apache.velocity.runtime.directive.Define
2017-04-04 18:19:43,367 - Loaded System Directive: org.apache.velocity.runtime.directive.Break
2017-04-04 18:19:43,367 - Loaded System Directive: org.apache.velocity.runtime.directive.Break
2017-04-04 18:19:43,367 - Loaded System Directive: org.apache.velocity.runtime.directive.Evaluate
2017-04-04 18:19:43,367 - Loaded System Directive: org.apache.velocity.runtime.directive.Evaluate
2017-04-04 18:19:43,368 - Loaded System Directive: org.apache.velocity.runtime.directive.Literal
2017-04-04 18:19:43,368 - Loaded System Directive: org.apache.velocity.runtime.directive.Macro
2017-04-04 18:19:43,368 - Loaded System Directive: org.apache.velocity.runtime.directive.Parse
2017-04-04 18:19:43,368 - Loaded System Directive: org.apache.velocity.runtime.directive.Include
2017-04-04 18:19:43,368 - Loaded System Directive: org.apache.velocity.runtime.directive.Foreach
2017-04-04 18:19:43,369 - Created '20' parsers.
2017-04-04 18:19:43,369 - Velocimacro : "velocimacro.library" is not set.  Trying default library: VM_global_library.vm
2017-04-04 18:19:43,370 - Could not load resource 'VM_global_library.vm' from ResourceLoader org.apache.velocity.runtime.resource.loader.ClasspathResourceLoader: ClasspathResourceLoader Error: cannot find resource VM_global_library.vm
2017-04-04 18:19:43,370 - Velocimacro : Default library not found.
2017-04-04 18:19:43,370 - Velocimacro : allowInline = true : VMs can be defined inline in templates
2017-04-04 18:19:43,370 - Velocimacro : allowInlineToOverride = false : VMs defined inline may NOT replace previous VM definitions
2017-04-04 18:19:43,370 - Velocimacro : allowInlineLocal = false : VMs defined inline will be global in scope if allowed.
2017-04-04 18:19:43,370 - Velocimacro : autoload off : VM system will not automatically reload global library macros
2017-04-04 18:19:43,372 - ResourceManager : found com/huacainfo/ace/autocode/kernel/model.js.vm with loader org.apache.velocity.runtime.resource.loader.ClasspathResourceLoader
2017-04-04 18:19:43,377 - Log4JLogChute initialized using file 'velocity.log'
2017-04-04 18:19:43,377 - Log4JLogChute initialized using file 'velocity.log'
2017-04-04 18:19:43,377 - Initializing Velocity, Calling init()...
2017-04-04 18:19:43,377 - Initializing Velocity, Calling init()...
2017-04-04 18:19:43,377 - Starting Apache Velocity v1.7 (compiled: 2010-11-19 12:14:37)
2017-04-04 18:19:43,377 - Starting Apache Velocity v1.7 (compiled: 2010-11-19 12:14:37)
2017-04-04 18:19:43,377 - Default Properties File: org/apache/velocity/runtime/defaults/velocity.properties
2017-04-04 18:19:43,377 - Default Properties File: org/apache/velocity/runtime/defaults/velocity.properties
2017-04-04 18:19:43,377 - Trying to use logger class org.apache.velocity.runtime.log.AvalonLogChute
2017-04-04 18:19:43,377 - Trying to use logger class org.apache.velocity.runtime.log.AvalonLogChute
2017-04-04 18:19:43,377 - Target log system for org.apache.velocity.runtime.log.AvalonLogChute is not available (java.lang.NoClassDefFoundError: org/apache/log/format/Formatter).  Falling back to next log system...
2017-04-04 18:19:43,377 - Target log system for org.apache.velocity.runtime.log.AvalonLogChute is not available (java.lang.NoClassDefFoundError: org/apache/log/format/Formatter).  Falling back to next log system...
2017-04-04 18:19:43,377 - Trying to use logger class org.apache.velocity.runtime.log.Log4JLogChute
2017-04-04 18:19:43,377 - Trying to use logger class org.apache.velocity.runtime.log.Log4JLogChute
2017-04-04 18:19:43,377 - Using logger class org.apache.velocity.runtime.log.Log4JLogChute
2017-04-04 18:19:43,377 - Using logger class org.apache.velocity.runtime.log.Log4JLogChute
2017-04-04 18:19:43,378 - ResourceLoader instantiated: org.apache.velocity.runtime.resource.loader.ClasspathResourceLoader
2017-04-04 18:19:43,378 - ResourceLoader instantiated: org.apache.velocity.runtime.resource.loader.ClasspathResourceLoader
2017-04-04 18:19:43,378 - ResourceCache: initialized (class org.apache.velocity.runtime.resource.ResourceCacheImpl) with class java.util.Collections$SynchronizedMap cache map.
2017-04-04 18:19:43,378 - ResourceCache: initialized (class org.apache.velocity.runtime.resource.ResourceCacheImpl) with class java.util.Collections$SynchronizedMap cache map.
2017-04-04 18:19:43,379 - Loaded System Directive: org.apache.velocity.runtime.directive.Stop
2017-04-04 18:19:43,379 - Loaded System Directive: org.apache.velocity.runtime.directive.Stop
2017-04-04 18:19:43,379 - Loaded System Directive: org.apache.velocity.runtime.directive.Define
2017-04-04 18:19:43,379 - Loaded System Directive: org.apache.velocity.runtime.directive.Define
2017-04-04 18:19:43,379 - Loaded System Directive: org.apache.velocity.runtime.directive.Break
2017-04-04 18:19:43,379 - Loaded System Directive: org.apache.velocity.runtime.directive.Break
2017-04-04 18:19:43,379 - Loaded System Directive: org.apache.velocity.runtime.directive.Evaluate
2017-04-04 18:19:43,379 - Loaded System Directive: org.apache.velocity.runtime.directive.Evaluate
2017-04-04 18:19:43,380 - Loaded System Directive: org.apache.velocity.runtime.directive.Literal
2017-04-04 18:19:43,380 - Loaded System Directive: org.apache.velocity.runtime.directive.Literal
2017-04-04 18:19:43,380 - Loaded System Directive: org.apache.velocity.runtime.directive.Macro
2017-04-04 18:19:43,380 - Loaded System Directive: org.apache.velocity.runtime.directive.Macro
2017-04-04 18:19:43,380 - Loaded System Directive: org.apache.velocity.runtime.directive.Parse
2017-04-04 18:19:43,380 - Loaded System Directive: org.apache.velocity.runtime.directive.Parse
2017-04-04 18:19:43,380 - Loaded System Directive: org.apache.velocity.runtime.directive.Include
2017-04-04 18:19:43,380 - Loaded System Directive: org.apache.velocity.runtime.directive.Include
2017-04-04 18:19:43,380 - Loaded System Directive: org.apache.velocity.runtime.directive.Foreach
2017-04-04 18:19:43,380 - Loaded System Directive: org.apache.velocity.runtime.directive.Foreach
2017-04-04 18:19:43,382 - Created '20' parsers.
2017-04-04 18:19:43,382 - Created '20' parsers.
2017-04-04 18:19:43,382 - Velocimacro : "velocimacro.library" is not set.  Trying default library: VM_global_library.vm
2017-04-04 18:19:43,382 - Velocimacro : "velocimacro.library" is not set.  Trying default library: VM_global_library.vm
2017-04-04 18:19:43,383 - Could not load resource 'VM_global_library.vm' from ResourceLoader org.apache.velocity.runtime.resource.loader.ClasspathResourceLoader: ClasspathResourceLoader Error: cannot find resource VM_global_library.vm
2017-04-04 18:19:43,383 - Could not load resource 'VM_global_library.vm' from ResourceLoader org.apache.velocity.runtime.resource.loader.ClasspathResourceLoader: ClasspathResourceLoader Error: cannot find resource VM_global_library.vm
2017-04-04 18:19:43,383 - Velocimacro : Default library not found.
2017-04-04 18:19:43,383 - Velocimacro : Default library not found.
2017-04-04 18:19:43,383 - Velocimacro : allowInline = true : VMs can be defined inline in templates
2017-04-04 18:19:43,383 - Velocimacro : allowInline = true : VMs can be defined inline in templates
2017-04-04 18:19:43,383 - Velocimacro : allowInlineToOverride = false : VMs defined inline may NOT replace previous VM definitions
2017-04-04 18:19:43,383 - Velocimacro : allowInlineToOverride = false : VMs defined inline may NOT replace previous VM definitions
2017-04-04 18:19:43,383 - Velocimacro : allowInlineLocal = false : VMs defined inline will be global in scope if allowed.
2017-04-04 18:19:43,383 - Velocimacro : allowInlineLocal = false : VMs defined inline will be global in scope if allowed.
2017-04-04 18:19:43,383 - Velocimacro : autoload off : VM system will not automatically reload global library macros
2017-04-04 18:19:43,383 - Velocimacro : autoload off : VM system will not automatically reload global library macros
2017-04-04 18:19:43,388 - ResourceManager : found com/huacainfo/ace/autocode/kernel/controller.js.vm with loader org.apache.velocity.runtime.resource.loader.ClasspathResourceLoader
2017-04-04 18:19:43,388 - ResourceManager : found com/huacainfo/ace/autocode/kernel/controller.js.vm with loader org.apache.velocity.runtime.resource.loader.ClasspathResourceLoader
2017-04-04 18:19:43,388 - Null reference [template 'com/huacainfo/ace/autocode/kernel/controller.js.vm', line 4, column 29] : $title cannot be resolved.
2017-04-04 18:19:43,388 - Null reference [template 'com/huacainfo/ace/autocode/kernel/controller.js.vm', line 4, column 29] : $title cannot be resolved.
2017-04-04 18:19:43,388 - Null reference [template 'com/huacainfo/ace/autocode/kernel/controller.js.vm', line 7, column 44] : $title cannot be resolved.
2017-04-04 18:19:43,388 - Null reference [template 'com/huacainfo/ace/autocode/kernel/controller.js.vm', line 7, column 44] : $title cannot be resolved.
2017-04-04 18:19:43,388 - Null reference [template 'com/huacainfo/ace/autocode/kernel/controller.js.vm', line 9, column 44] : $title cannot be resolved.
2017-04-04 18:19:43,388 - Null reference [template 'com/huacainfo/ace/autocode/kernel/controller.js.vm', line 9, column 44] : $title cannot be resolved.
